2026.05.09 22:59:33 INFO  Started: Metals version 1.6.7 in folders 'C:\Users\Usuario\Documents\UNIVERSIDAD\INFRAESTRUCTURA\BLOQUE02\Practica6Alumnos' for client Visual Studio Code 1.118.1.
2026.05.09 22:59:33 INFO  Memory monitor started
2026.05.09 22:59:34 WARN  Using H2 2.4.240 which is newer than the version Flyway has been verified with. The latest verified version of H2 is 2.3.232.
2026.05.09 22:59:34 INFO  no build target found for C:\Users\Usuario\Documents\UNIVERSIDAD\INFRAESTRUCTURA\BLOQUE02\Practica6Alumnos\src\test\java\com\uma\example\springuma\integration\PacienteControllerMockMvcIT.java. Using fallback presentation compiler.
2026.05.09 23:00:30 INFO  no build target found for C:\Users\Usuario\Documents\UNIVERSIDAD\INFRAESTRUCTURA\BLOQUE02\Practica6Alumnos\src\test\java\com\uma\example\springuma\integration\PacienteControllerMockMvcIT.java. Using fallback presentation compiler.
2026.05.09 23:00:30 INFO  no build target found for C:\Users\Usuario\Documents\UNIVERSIDAD\INFRAESTRUCTURA\BLOQUE02\Practica6Alumnos\src\test\java\com\uma\example\springuma\integration\PacienteControllerMockMvcIT.java. Using fallback presentation compiler.
2026.05.09 23:00:32 INFO  no build target found for C:\Users\Usuario\Documents\UNIVERSIDAD\INFRAESTRUCTURA\BLOQUE02\Practica6Alumnos\src\test\java\com\uma\example\springuma\integration\PacienteControllerMockMvcIT.java. Using fallback presentation compiler.
2026.05.10 09:22:38 INFO  Started: Metals version 1.6.7 in folders 'C:\Users\Usuario\Documents\UNIVERSIDAD\INFRAESTRUCTURA\BLOQUE02\Practica6Alumnos' for client Visual Studio Code 1.118.1.
2026.05.10 09:22:38 INFO  Memory monitor started
2026.05.10 09:22:42 WARN  Using H2 2.4.240 which is newer than the version Flyway has been verified with. The latest verified version of H2 is 2.3.232.
2026.05.10 09:22:42 INFO  no build target found for C:\Users\Usuario\Documents\UNIVERSIDAD\INFRAESTRUCTURA\BLOQUE02\Practica6Alumnos\src\test\java\com\uma\example\springuma\integration\PacienteControllerMockMvcIT.java. Using fallback presentation compiler.
2026.05.10 09:22:43 INFO  no build target found for C:\Users\Usuario\Documents\UNIVERSIDAD\INFRAESTRUCTURA\BLOQUE02\Practica6Alumnos\src\test\java\com\uma\example\springuma\integration\PacienteControllerMockMvcIT.java. Using fallback presentation compiler.
2026.05.10 09:22:48 INFO  no build target found for C:\Users\Usuario\Documents\UNIVERSIDAD\INFRAESTRUCTURA\BLOQUE02\Practica6Alumnos\src\test\java\com\uma\example\springuma\integration\PacienteControllerMockMvcIT.java. Using fallback presentation compiler.
2026.05.10 09:22:48 INFO  no build target found for C:\Users\Usuario\Documents\UNIVERSIDAD\INFRAESTRUCTURA\BLOQUE02\Practica6Alumnos\src\test\java\com\uma\example\springuma\integration\PacienteControllerMockMvcIT.java. Using fallback presentation compiler.
2026.05.10 09:22:50 INFO  no build target found for C:\Users\Usuario\Documents\UNIVERSIDAD\INFRAESTRUCTURA\BLOQUE02\Practica6Alumnos\src\test\java\com\uma\example\springuma\integration\PacienteControllerMockMvcIT.java. Using fallback presentation compiler.
2026.05.10 09:22:50 INFO  no build target found for C:\Users\Usuario\Documents\UNIVERSIDAD\INFRAESTRUCTURA\BLOQUE02\Practica6Alumnos\src\test\java\com\uma\example\springuma\integration\PacienteControllerMockMvcIT.java. Using fallback presentation compiler.
2026.05.10 09:22:50 INFO  no build target found for C:\Users\Usuario\Documents\UNIVERSIDAD\INFRAESTRUCTURA\BLOQUE02\Practica6Alumnos\src\test\java\com\uma\example\springuma\integration\PacienteControllerMockMvcIT.java. Using fallback presentation compiler.
2026.05.10 09:22:50 INFO  no build target found for C:\Users\Usuario\Documents\UNIVERSIDAD\INFRAESTRUCTURA\BLOQUE02\Practica6Alumnos\src\test\java\com\uma\example\springuma\integration\PacienteControllerMockMvcIT.java. Using fallback presentation compiler.
May 10, 2026 9:22:50 AM org.eclipse.lsp4j.jsonrpc.RemoteEndpoint handleCancellation
WARNING: Unmatched cancel notification for request id 14
May 10, 2026 9:22:50 AM org.eclipse.lsp4j.jsonrpc.RemoteEndpoint handleCancellation
WARNING: Unmatched cancel notification for request id 16
